|2020-12-10|20:35:00.189| [DEBUG] CONFIGDIR=/home/tialab-dang/.config/matplotlib
|2020-12-10|20:35:00.190| [DEBUG] (private) matplotlib data path: /home/tialab-dang/anaconda3/envs/py37-df/lib/python3.7/site-packages/matplotlib/mpl-data
|2020-12-10|20:35:00.193| [DEBUG] matplotlib data path: /home/tialab-dang/anaconda3/envs/py37-df/lib/python3.7/site-packages/matplotlib/mpl-data
|2020-12-10|20:35:00.306| [DEBUG] loaded rc file /home/tialab-dang/anaconda3/envs/py37-df/lib/python3.7/site-packages/matplotlib/mpl-data/matplotlibrc
|2020-12-10|20:35:00.352| [DEBUG] matplotlib version 3.2.1
|2020-12-10|20:35:00.366| [DEBUG] interactive is False
|2020-12-10|20:35:00.405| [DEBUG] platform is linux
|2020-12-10|20:35:00.441| [DEBUG] loaded modules: ['sys', 'builtins', '_frozen_importlib', '_imp', '_thread', '_warnings', '_weakref', 'zipimport', '_frozen_importlib_external', '_io', 'marshal', 'posix', 'encodings', 'codecs', '_codecs', 'encodings.aliases', 'encodings.utf_8', '_signal', '__main__', 'encodings.latin_1', 'io', 'abc', '_abc', 'site', 'os', 'stat', '_stat', '_collections_abc', 'posixpath', 'genericpath', 'os.path', '_sitebuiltins', '_bootlocale', '_locale', 'types', 'importlib', 'importlib._bootstrap', 'importlib._bootstrap_external', 'warnings', 'importlib.util', 'importlib.abc', 'importlib.machinery', 'contextlib', 'collections', 'operator', '_operator', 'keyword', 'heapq', '_heapq', 'itertools', 'reprlib', '_collections', 'functools', '_functools', 'google', 'mpl_toolkits', 'encodings.cp437', 'logging', 'time', 'traceback', 'linecache', 'tokenize', 're', 'enum', 'sre_compile', '_sre', 'sre_parse', 'sre_constants', 'copyreg', 'token', 'weakref', '_weakrefset', 'collections.abc', 'string', '_string', 'threading', 'atexit', 'copy', 'docopt', 'infer', 'infer.tile', 'multiprocessing', 'multiprocessing.context', 'multiprocessing.process', 'signal', 'multiprocessing.reduction', 'pickle', 'struct', '_struct', '_compat_pickle', '_pickle', 'socket', '_socket', 'selectors', 'math', 'select', 'errno', 'array', '__mp_main__', 'argparse', 'gettext', 'locale', 'glob', 'fnmatch', 'json', 'json.decoder', 'json.scanner', '_json', 'json.encoder', 'pathlib', 'ntpath', 'urllib', 'urllib.parse', 'concurrent', 'concurrent.futures', 'concurrent.futures._base', 'concurrent.futures.process', 'queue', '_queue', 'multiprocessing.connection', 'tempfile', 'shutil', 'zlib', 'bz2', '_compression', '_bz2', 'lzma', '_lzma', 'pwd', 'grp', 'random', 'hashlib', '_hashlib', '_blake2', '_sha3', 'bisect', '_bisect', '_random', '_multiprocessing', 'multiprocessing.util', 'subprocess', '_posixsubprocess', 'multiprocessing.queues', 'cv2', 'numpy', '__future__', 'numpy._globals', 'numpy.__config__', 'numpy.version', 'numpy._distributor_init', 'numpy.core', 'numpy.core.multiarray', 'numpy.core.overrides', 'textwrap', 'datetime', '_datetime', 'numpy.core._multiarray_umath', 'numpy.compat', 'numpy.compat._inspect', 'numpy.compat.py3k', 'numpy.core.umath', 'numpy.core.numerictypes', 'numbers', 'numpy.core._string_helpers', 'numpy.core._type_aliases', 'numpy.core._dtype', 'numpy.core.numeric', 'numpy.core.shape_base', 'numpy.core._asarray', 'numpy.core.fromnumeric', 'numpy.core._methods', 'numpy.core._exceptions', 'numpy.core._ufunc_config', 'numpy.core.arrayprint', 'numpy.core.defchararray', 'numpy.core.records', 'numpy.core.memmap', 'numpy.core.function_base', 'numpy.core.machar', 'numpy.core.getlimits', 'numpy.core.einsumfunc', 'numpy.core._add_newdocs', 'numpy.core._multiarray_tests', 'numpy.core._dtype_ctypes', '_ctypes', 'ctypes', 'ctypes._endian', 'numpy.core._internal', 'platform', 'numpy._pytesttester', 'numpy.lib', 'numpy.lib.mixins', 'numpy.lib.scimath', 'numpy.lib.type_check', 'numpy.lib.ufunclike', 'numpy.lib.index_tricks', 'numpy.matrixlib', 'numpy.matrixlib.defmatrix', 'ast', '_ast', 'numpy.linalg', 'numpy.linalg.linalg', 'numpy.lib.twodim_base', 'numpy.linalg.lapack_lite', 'numpy.linalg._umath_linalg', 'numpy.lib.function_base', 'numpy.lib.histograms', 'numpy.lib.stride_tricks', 'numpy.lib.nanfunctions', 'numpy.lib.shape_base', 'numpy.lib.polynomial', 'numpy.lib.utils', 'numpy.lib.arraysetops', 'numpy.lib.npyio', 'numpy.lib.format', 'numpy.lib._datasource', 'numpy.lib._iotools', 'numpy.lib.financial', 'decimal', '_decimal', 'numpy.lib.arrayterator', 'numpy.lib.arraypad', 'numpy.lib._version', 'numpy.fft', 'numpy.fft._pocketfft', 'numpy.fft._pocketfft_internal', 'numpy.fft.helper', 'numpy.polynomial', 'numpy.polynomial.polynomial', 'numpy.polynomial.polyutils', 'numpy.polynomial._polybase', 'numpy.polynomial.chebyshev', 'numpy.polynomial.legendre', 'numpy.polynomial.hermite', 'numpy.polynomial.hermite_e', 'numpy.polynomial.laguerre', 'numpy.random', 'numpy.random._pickle', 'numpy.random.mtrand', 'cython_runtime', 'numpy.random._bit_generator', '_cython_0_29_19', 'numpy.random._common', 'secrets', 'base64', 'binascii', 'hmac', 'numpy.random._bounded_integers', 'numpy.random._mt19937', 'numpy.random._philox', 'numpy.random._pcg64', 'numpy.random._sfc64', 'numpy.random._generator', 'numpy.ctypeslib', 'numpy.ma', 'numpy.ma.core', 'numpy.ma.extras', 'cv2.Error', 'cv2.cuda', 'cv2.detail', 'cv2.dnn', 'cv2.fisheye', 'cv2.flann', 'cv2.ipp', 'cv2.ml', 'cv2.ocl', 'cv2.ogl', 'cv2.samples', 'cv2.utils', 'cv2.videoio_registry', 'cv2.cv2', 'cv2.data', 'psutil', 'psutil._common', 'psutil._compat', 'psutil._pslinux', 'psutil._psposix', 'psutil._psutil_linux', 'psutil._psutil_posix', 'scipy', 'scipy._lib', 'scipy._lib._testutils', 'scipy._lib.deprecation', 'scipy._distributor_init', 'scipy.__config__', 'scipy.version', 'scipy._lib._version', 'scipy._lib.six', 'scipy._lib._ccallback', 'scipy._lib._ccallback_c', 'scipy.fft', 'scipy.fft._basic', 'scipy._lib.uarray', 'scipy._lib._uarray', 'scipy._lib._uarray._backend', 'typing', 'typing.io', 'typing.re', 'inspect', 'dis', 'opcode', '_opcode', 'scipy._lib._uarray._uarray', 'scipy.fft._realtransforms', 'scipy.fft._helper', 'scipy.fft._pocketfft', 'scipy.fft._pocketfft.basic', 'scipy.fft._pocketfft.pypocketfft', 'scipy.fft._pocketfft.helper', 'scipy.fft._pocketfft.realtransforms', 'scipy.fft._backend', 'numpy.dual', 'scipy.io', 'scipy.io.matlab', 'scipy.io.matlab.mio', 'scipy.io.matlab.miobase', 'scipy._lib.doccer', 'scipy.io.matlab.byteordercodes', 'scipy.io.matlab.mio4', 'scipy.sparse', 'scipy.sparse.base', 'scipy._lib._numpy_compat', 'numpy.testing', 'unittest', 'unittest.result', 'unittest.util', 'unittest.case', 'difflib', 'pprint', 'unittest.suite', 'unittest.loader', 'unittest.main', 'unittest.runner', 'unittest.signals', 'numpy.testing._private', 'numpy.testing._private.utils', 'gc', 'numpy.testing._private.decorators', 'numpy.testing._private.nosetester', 'scipy.sparse.sputils', 'scipy.sparse.csr', 'scipy.sparse._sparsetools', 'scipy.sparse.compressed', 'scipy._lib._util', 'scipy.sparse.data', 'scipy.sparse.dia', 'scipy.sparse._index', 'scipy.sparse.csc', 'scipy.sparse.lil', 'scipy.sparse._csparsetools', 'scipy.sparse.dok', 'scipy.sparse.coo', 'scipy.sparse.bsr', 'scipy.sparse.construct', 'scipy.sparse.extract', 'scipy.sparse._matrix_io', 'scipy.sparse.csgraph', 'scipy.sparse.csgraph._laplacian', 'scipy.sparse.csgraph._shortest_path', '_cython_0_29_16', 'scipy.sparse.csgraph._validation', 'scipy.sparse.csgraph._tools', 'scipy.sparse.csgraph._traversal', 'scipy.sparse.csgraph._min_spanning_tree', 'scipy.sparse.csgraph._flow', 'scipy.sparse.csgraph._matching', 'scipy.sparse.csgraph._reordering', 'scipy.io.matlab.mio_utils', 'scipy.io.matlab.mio5', 'scipy.io.matlab.mio5_utils', 'scipy.io.matlab.streams', 'scipy.io.matlab.mio5_params', 'scipy.io.netcdf', 'mmap', 'scipy.io._fortran', 'scipy.io.mmio', 'scipy.io.idl', 'scipy.io.harwell_boeing', 'scipy.io.harwell_boeing.hb', 'scipy.io.harwell_boeing._fortran_format_parser', 'torch', 'torch._utils', 'torch._utils_internal', 'torch.version', 'torch._six', 'torch._C._onnx', 'torch._C._jit_tree_views', 'torch._C.cpp', 'torch._C.cpp.nn', 'torch._C._cudart', 'torch._C._nvtx', 'torch._C._cudnn', 'torch._C', 'torch.random', 'torch.serialization', 'tarfile', 'torch._tensor_str', 'torch.tensor', 'torch._namedtensor_internals', 'torch.utils', 'torch.utils.throughput_benchmark', 'torch.utils.hooks', 'torch.storage', 'torch.cuda', 'torch.cuda._utils', 'torch.cuda.memory', 'torch.cuda.random', 'torch.cuda.sparse', 'torch.cuda.profiler', 'torch.cuda.nvtx', 'torch.cuda.streams', 'torch.cuda.amp', 'torch.cuda.amp.grad_scaler', 'torch.sparse', 'torch.functional', 'torch.nn', 'torch.nn.modules', 'torch.nn.modules.module', 'torch.nn.parameter', 'torch.nn.modules.linear', 'torch.nn.functional', 'torch.nn._reduction', 'torch.nn.modules.utils', 'torch.nn.grad', 'torch._VF', 'torch._jit_internal', 'typing_extensions', 'torch._overrides', 'torch.nn.init', 'torch.nn.modules.conv', 'torch.nn.modules.activation', 'torch.nn.modules.loss', 'torch.nn.modules.container', 'torch.nn.modules.pooling', 'torch.nn.modules.batchnorm', 'torch.nn.modules._functions', 'torch.autograd', 'torch.autograd.variable', 'torch.autograd.function', 'torch.autograd.gradcheck', 'torch.testing', 'torch.autograd.grad_mode', 'torch.autograd.anomaly_mode', 'torch.autograd.profiler', 'torch.autograd.functional', 'torch.nn.modules.instancenorm', 'torch.nn.modules.normalization', 'torch.nn.modules.dropout', 'torch.nn.modules.padding', 'torch.nn.modules.sparse', 'torch.nn.modules.rnn', 'torch.nn.utils', 'torch.nn.utils.rnn', 'torch.nn.utils.clip_grad', 'torch.nn.utils.weight_norm', 'torch.nn.utils.convert_parameters', 'torch.nn.utils.spectral_norm', 'torch.nn.utils.fusion', 'torch.nn.utils.memory_format', 'torch.nn.modules.pixelshuffle', 'torch.nn.modules.upsampling', 'torch.nn.modules.distance', 'torch.nn.modules.fold', 'torch.nn.modules.adaptive', 'torch.nn.modules.transformer', 'torch.nn.modules.flatten', 'torch.nn.parallel', 'torch.nn.parallel.parallel_apply', 'torch.nn.parallel.replicate', 'torch.cuda.comm', 'torch.cuda.nccl', 'torch.nn.parallel.data_parallel', 'torch.nn.parallel.scatter_gather', 'torch.nn.parallel._functions', 'torch.nn.parallel.distributed', 'torch.distributed', 'torch.distributed.distributed_c10d', 'torch.distributed.constants', 'torch.distributed.rendezvous', 'torch._lowrank', 'torch._linalg_utils', 'torch.nn.intrinsic', 'torch.nn.intrinsic.modules', 'torch.nn.intrinsic.modules.fused', 'torch.nn.quantized', 'torch.nn.quantized.modules', 'torch.nn.quantized.modules.activation', 'torch.nn.quantized.functional', 'torch.nn.quantized.modules.batchnorm', 'torch.nn.quantized.modules.conv', 'torch.nn.intrinsic.qat', 'torch.nn.intrinsic.qat.modules', 'torch.nn.intrinsic.qat.modules.linear_relu', 'torch.nn.qat', 'torch.nn.qat.modules', 'torch.nn.qat.modules.linear', 'torch.nn.qat.modules.conv', 'torch.nn.intrinsic.qat.modules.conv_fused', 'torch._ops', 'torch.jit', 'torch.jit.annotations', 'torch.jit._recursive', 'torch.jit.frontend', 'torch.jit._builtins', 'torch.backends', 'torch.backends.cudnn', 'torch.distributed.autograd', 'torch.nn.quantized.modules.utils', 'torch.nn.quantized.modules.linear', 'torch.nn.quantized.modules.functional_modules', 'torch.optim', 'torch.optim.adadelta', 'torch.optim.optimizer', 'torch.optim.adagrad', 'torch.optim.adam', 'torch.optim.adamw', 'torch.optim.sparse_adam', 'torch.optim.adamax', 'torch.optim.asgd', 'torch.optim.sgd', 'torch.optim.rprop', 'torch.optim.rmsprop', 'torch.optim.lbfgs', 'torch.optim.lr_scheduler', 'torch.multiprocessing', 'torch.multiprocessing.reductions', 'multiprocessing.resource_sharer', 'torch.multiprocessing.spawn', 'torch.utils.backcompat', 'torch.onnx', 'torch.hub', 'zipfile', 'urllib.request', 'email', 'http', 'http.client', 'email.parser', 'email.feedparser', 'email.errors', 'email._policybase', 'email.header', 'email.quoprimime', 'email.base64mime', 'email.charset', 'email.encoders', 'quopri', 'email.utils', 'email._parseaddr', 'calendar', 'email.message', 'uu', 'email._encoded_words', 'email.iterators', 'ssl', '_ssl', 'urllib.error', 'urllib.response', 'tqdm', 'tqdm.std', 'tqdm.utils', 'unicodedata', 'tqdm._monitor', 'tqdm.gui', 'tqdm._tqdm_pandas', 'tqdm.cli', 'tqdm._version', 'tqdm.auto', 'tqdm.autonotebook', 'IPython', 'IPython.core', 'IPython.core.getipython', 'IPython.core.release', 'IPython.core.application', 'traitlets', 'traitlets.traitlets', 'traitlets.utils', 'traitlets.utils.getargspec', 'traitlets.utils.importstring', 'traitlets.utils.sentinel', 'traitlets.utils.bunch', 'traitlets.utils.descriptions', 'traitlets.utils.decorators', 'traitlets._version', 'traitlets.config', 'traitlets.config.application', 'traitlets.config.configurable', 'traitlets.config.loader', 'ipython_genutils', 'ipython_genutils._version', 'ipython_genutils.path', 'ipython_genutils.py3compat', 'ipython_genutils.encoding', 'ipython_genutils.text', 'IPython.core.crashhandler', 'IPython.core.ultratb', 'pydoc', 'pkgutil', 'sysconfig', '_sysconfigdata_m_linux_x86_64-linux-gnu', 'IPython.core.debugger', 'bdb', 'IPython.utils', 'IPython.utils.PyColorize', 'IPython.utils.coloransi', 'IPython.utils.ipstruct', 'IPython.utils.colorable', 'pygments', 'IPython.utils.py3compat', 'IPython.utils.encoding', 'IPython.core.excolors', 'IPython.testing', 'IPython.testing.skipdoctest', 'pdb', 'cmd', 'code', 'codeop', 'IPython.core.display_trap', 'IPython.utils.path', 'IPython.utils.process', 'IPython.utils._process_posix', 'pexpect', 'pexpect.exceptions', 'pexpect.utils', 'pexpect.expect', 'pexpect.pty_spawn', 'pty', 'tty', 'termios', 'ptyprocess', 'ptyprocess.ptyprocess', 'fcntl', 'resource', 'ptyprocess.util', 'pexpect.spawnbase', 'pexpect.run', 'IPython.utils._process_common', 'shlex', 'IPython.utils.decorators', 'IPython.utils.data', 'IPython.utils.terminal', 'IPython.utils.sysinfo', 'IPython.utils._sysinfo', 'IPython.core.profiledir', 'IPython.paths', 'IPython.utils.importstring', 'IPython.terminal', 'IPython.terminal.embed', 'IPython.core.compilerop', 'IPython.core.magic_arguments', 'IPython.core.error', 'IPython.utils.text', 'IPython.core.magic', 'getopt', 'IPython.core.oinspect', 'IPython.core.page', 'IPython.core.display', 'mimetypes', 'IPython.lib', 'IPython.lib.security', 'getpass', 'IPython.lib.pretty', 'IPython.utils.openpy', 'IPython.utils.dir2', 'IPython.utils.wildcard', 'pygments.lexers', 'pygments.lexers._mapping', 'pygments.modeline', 'pygments.plugin', 'pygments.util', 'pygments.lexers.python', 'pygments.lexer', 'pygments.filter', 'pygments.filters', 'pygments.token', 'pygments.regexopt', 'pygments.unistring', 'pygments.formatters', 'pygments.formatters._mapping', 'pygments.formatters.html', 'pygments.formatter', 'pygments.styles', 'IPython.core.inputtransformer2', 'decorator', 'IPython.core.interactiveshell', 'runpy', 'pickleshare', 'IPython.core.prefilter', 'IPython.core.autocall', 'IPython.core.macro', 'IPython.core.splitinput', 'IPython.core.alias', 'IPython.core.builtin_trap', 'IPython.core.events', 'backcall', 'backcall.backcall', 'IPython.core.displayhook', 'IPython.core.displaypub', 'IPython.core.extensions', 'IPython.core.formatters', 'IPython.utils.sentinel', 'IPython.core.history', 'sqlite3', 'sqlite3.dbapi2', '_sqlite3', 'IPython.core.logger', 'IPython.core.payload', 'IPython.core.usage', 'IPython.display', 'IPython.lib.display', 'html', 'html.entities', 'IPython.utils.io', 'IPython.utils.capture', 'IPython.utils.strdispatch', 'IPython.core.hooks', 'IPython.utils.syspathcontext', 'IPython.utils.tempdir', 'IPython.utils.contexts', 'IPython.core.async_helpers', 'IPython.terminal.interactiveshell', 'asyncio', 'asyncio.base_events', 'asyncio.constants', 'asyncio.coroutines', 'asyncio.base_futures', 'asyncio.format_helpers', 'asyncio.log', 'asyncio.events', 'contextvars', '_contextvars', 'asyncio.base_tasks', '_asyncio', 'asyncio.futures', 'asyncio.protocols', 'asyncio.sslproto', 'asyncio.transports', 'asyncio.tasks', 'asyncio.locks', 'asyncio.runners', 'asyncio.queues', 'asyncio.streams', 'asyncio.subprocess', 'asyncio.unix_events', 'asyncio.base_subprocess', 'asyncio.selector_events', 'prompt_toolkit', 'prompt_toolkit.application', 'prompt_toolkit.application.application', 'prompt_toolkit.buffer', 'prompt_toolkit.application.current', 'prompt_toolkit.application.run_in_terminal', 'prompt_toolkit.eventloop', 'prompt_toolkit.eventloop.async_generator', 'prompt_toolkit.eventloop.utils', 'prompt_toolkit.eventloop.inputhook', 'prompt_toolkit.utils', 'wcwidth', 'wcwidth.wcwidth', 'wcwidth.table_wide', 'wcwidth.table_zero', 'wcwidth.unicode_versions', 'prompt_toolkit.auto_suggest', 'prompt_toolkit.document', 'prompt_toolkit.clipboard', 'prompt_toolkit.clipboard.base', 'prompt_toolkit.selection', 'prompt_toolkit.clipboard.in_memory', 'prompt_toolkit.filters', 'prompt_toolkit.filters.app', 'prompt_toolkit.cache', 'prompt_toolkit.enums', 'prompt_toolkit.filters.base', 'prompt_toolkit.filters.cli', 'prompt_toolkit.filters.utils', 'prompt_toolkit.completion', 'prompt_toolkit.completion.base', 'prompt_toolkit.formatted_text', 'prompt_toolkit.formatted_text.ansi', 'prompt_toolkit.output', 'prompt_toolkit.output.base', 'prompt_toolkit.data_structures', 'prompt_toolkit.styles', 'prompt_toolkit.styles.base', 'prompt_toolkit.styles.defaults', 'prompt_toolkit.styles.named_colors', 'prompt_toolkit.styles.style', 'prompt_toolkit.styles.pygments', 'prompt_toolkit.styles.style_transformation', 'colorsys', 'prompt_toolkit.output.color_depth', 'prompt_toolkit.output.defaults', 'prompt_toolkit.patch_stdout', 'prompt_toolkit.output.vt100', 'prompt_toolkit.formatted_text.base', 'prompt_toolkit.mouse_events', 'prompt_toolkit.formatted_text.html', 'xml', 'xml.dom', 'xml.dom.domreg', 'xml.dom.minidom', 'xml.dom.minicompat', 'xml.dom.xmlbuilder', 'xml.dom.NodeFilter', 'prompt_toolkit.formatted_text.pygments', 'prompt_toolkit.formatted_text.utils', 'prompt_toolkit.completion.filesystem', 'prompt_toolkit.completion.fuzzy_completer', 'prompt_toolkit.completion.word_completer', 'prompt_toolkit.completion.nested', 'prompt_toolkit.history', 'prompt_toolkit.search', 'prompt_toolkit.key_binding', 'prompt_toolkit.key_binding.key_bindings', 'prompt_toolkit.keys', 'prompt_toolkit.key_binding.key_processor', 'prompt_toolkit.key_binding.vi_state', 'prompt_toolkit.validation', 'prompt_toolkit.input', 'prompt_toolkit.input.base', 'prompt_toolkit.input.defaults', 'prompt_toolkit.input.typeahead', 'prompt_toolkit.key_binding.bindings', 'prompt_toolkit.key_binding.bindings.page_navigation', 'prompt_toolkit.key_binding.bindings.scroll', 'prompt_toolkit.key_binding.defaults', 'prompt_toolkit.key_binding.bindings.basic', 'prompt_toolkit.key_binding.bindings.named_commands', 'prompt_toolkit.layout', 'prompt_toolkit.layout.containers', 'prompt_toolkit.layout.controls', 'prompt_toolkit.lexers', 'prompt_toolkit.lexers.base', 'prompt_toolkit.lexers.pygments', 'prompt_toolkit.layout.processors', 'prompt_toolkit.layout.utils', 'prompt_toolkit.layout.dimension', 'prompt_toolkit.layout.margins', 'prompt_toolkit.layout.mouse_handlers', 'prompt_toolkit.layout.screen', 'prompt_toolkit.layout.layout', 'prompt_toolkit.layout.menus', 'prompt_toolkit.key_binding.bindings.completion', 'prompt_toolkit.key_binding.bindings.cpr', 'prompt_toolkit.key_binding.bindings.emacs', 'prompt_toolkit.key_binding.bindings.mouse', 'prompt_toolkit.key_binding.bindings.vi', 'prompt_toolkit.input.vt100_parser', 'prompt_toolkit.input.ansi_escape_sequences', 'prompt_toolkit.key_binding.digraphs', 'prompt_toolkit.key_binding.emacs_state', 'prompt_toolkit.layout.dummy', 'prompt_toolkit.renderer', 'prompt_toolkit.application.dummy', 'prompt_toolkit.shortcuts', 'prompt_toolkit.shortcuts.dialogs', 'prompt_toolkit.key_binding.bindings.focus', 'prompt_toolkit.widgets', 'prompt_toolkit.widgets.base', 'prompt_toolkit.widgets.toolbars', 'prompt_toolkit.widgets.dialogs', 'prompt_toolkit.widgets.menus', 'prompt_toolkit.shortcuts.progress_bar', 'prompt_toolkit.shortcuts.progress_bar.base', 'prompt_toolkit.shortcuts.progress_bar.formatters', 'prompt_toolkit.shortcuts.prompt', 'prompt_toolkit.key_binding.bindings.auto_suggest', 'prompt_toolkit.key_binding.bindings.open_in_editor', 'prompt_toolkit.shortcuts.utils', 'pygments.style', 'IPython.terminal.debugger', 'IPython.core.completer', 'IPython.core.latex_symbols', 'IPython.utils.generics', 'jedi', 'jedi.api', 'parso', 'parso.parser', 'parso.tree', 'parso._compatibility', 'parso.utils', 'parso.pgen2', 'parso.pgen2.generator', 'parso.pgen2.grammar_parser', 'parso.python', 'parso.python.tokenize', 'parso.python.token', 'parso.grammar', 'parso.python.diff', 'parso.python.parser', 'parso.python.tree', 'parso.python.prefix', 'parso.cache', 'parso.file_io', 'parso.python.errors', 'parso.normalizer', 'parso.python.pep8', 'jedi._compatibility', 'jedi.file_io', 'jedi.parser_utils', 'jedi.debug', 'jedi.settings', 'jedi.cache', 'jedi.api.classes', 'jedi.inference', 'jedi.inference.imports', 'jedi.inference.sys_path', 'jedi.inference.cache', 'jedi.inference.base_value', 'jedi.inference.helpers', 'jedi.inference.utils', 'jedi.common', 'jedi.inference.compiled', 'jedi.inference.compiled.value', 'jedi.inference.filters', 'jedi.inference.flow_analysis', 'jedi.inference.recursion', 'jedi.inference.names', 'jedi.inference.docstrings', 'jedi.inference.lazy_value', 'jedi.plugins', 'jedi.inference.compiled.access', 'jedi.inference.compiled.getattr_static', 'jedi.inference.signature', 'jedi.inference.context', 'jedi.inference.analysis', 'jedi.inference.gradual', 'jedi.inference.gradual.typeshed', 'jedi.inference.gradual.stub_value', 'jedi.inference.value', 'jedi.inference.value.module', 'jedi.inference.value.klass', 'jedi.inference.arguments', 'jedi.inference.value.iterable', 'jedi.inference.value.dynamic_arrays', 'jedi.inference.value.function', 'jedi.inference.parser_cache', 'jedi.inference.gradual.generics', 'jedi.inference.value.instance', 'jedi.inference.gradual.typing', 'jedi.inference.gradual.base', 'jedi.inference.gradual.type_var', 'jedi.inference.syntax_tree', 'jedi.inference.gradual.annotation', 'jedi.inference.param', 'jedi.inference.value.decorator', 'jedi.inference.compiled.mixed', 'jedi.inference.gradual.conversion', 'jedi.api.keywords', 'pydoc_data', 'pydoc_data.topics', 'jedi.api.completion_cache', 'jedi.api.helpers', 'jedi.api.interpreter', 'jedi.api.completion', 'jedi.api.strings', 'jedi.api.file_name', 'jedi.api.environment', 'filecmp', 'jedi.inference.compiled.subprocess', 'jedi.inference.compiled.subprocess.functions', 'jedi.api.exceptions', 'jedi.api.project', 'jedi.inference.references', 'jedi.api.errors', 'jedi.api.refactoring', 'jedi.api.refactoring.extract', 'jedi.inference.gradual.utils', 'jedi.plugins.registry', 'jedi.plugins.stdlib', 'jedi.plugins.flask', 'jedi.plugins.pytest', 'jedi.plugins.django', 'IPython.terminal.ptutils', 'IPython.terminal.shortcuts', 'IPython.terminal.magics', 'IPython.lib.clipboard', 'IPython.terminal.pt_inputhooks', 'IPython.terminal.prompts', 'IPython.terminal.ipapp', 'IPython.core.magics', 'IPython.core.magics.auto', 'IPython.core.magics.basic', 'IPython.core.magics.code', 'IPython.core.magics.config', 'IPython.core.magics.display', 'IPython.core.magics.execution', 'timeit', 'cProfile', '_lsprof', 'profile', 'pstats', 'IPython.utils.module_paths', 'IPython.utils.timing', 'IPython.core.magics.extension', 'IPython.core.magics.history', 'IPython.core.magics.logging', 'IPython.core.magics.namespace', 'IPython.core.magics.osm', 'IPython.core.magics.packaging', 'IPython.core.magics.pylab', 'IPython.core.pylabtools', 'IPython.core.magics.script', 'IPython.lib.backgroundjobs', 'IPython.core.shellapp', 'IPython.extensions', 'IPython.extensions.storemagic', 'IPython.utils.frame', 'torch.distributions', 'torch.distributions.bernoulli', 'torch.distributions.constraints', 'torch.distributions.exp_family', 'torch.distributions.distribution', 'torch.distributions.utils', 'torch.distributions.beta', 'torch.distributions.dirichlet', 'torch.distributions.binomial', 'torch.distributions.categorical', 'torch.distributions.cauchy', 'torch.distributions.chi2', 'torch.distributions.gamma', 'torch.distributions.constraint_registry', 'torch.distributions.transforms', 'torch.distributions.continuous_bernoulli', 'torch.distributions.exponential', 'torch.distributions.fishersnedecor', 'torch.distributions.geometric', 'torch.distributions.gumbel', 'torch.distributions.uniform', 'torch.distributions.transformed_distribution', 'torch.distributions.half_cauchy', 'torch.distributions.half_normal', 'torch.distributions.normal', 'torch.distributions.independent', 'torch.distributions.kl', 'torch.distributions.laplace', 'torch.distributions.lowrank_multivariate_normal', 'torch.distributions.multivariate_normal', 'torch.distributions.one_hot_categorical', 'torch.distributions.pareto', 'torch.distributions.poisson', 'torch.distributions.log_normal', 'torch.distributions.logistic_normal', 'torch.distributions.mixture_same_family', 'torch.distributions.multinomial', 'torch.distributions.negative_binomial', 'torch.distributions.relaxed_bernoulli', 'torch.distributions.relaxed_categorical', 'torch.distributions.studentT', 'torch.distributions.von_mises', 'torch.distributed.rpc', 'torch.distributed.rpc.api', 'torch.distributed.rpc.backend_registry', 'torch.distributed.rpc.constants', 'torch.distributed.rpc.internal', 'torch.distributions.weibull', 'torch.backends.cuda', 'torch.backends.mkl', 'torch.backends.mkldnn', 'torch.backends.openmp', 'torch.backends.quantized', 'torch.quantization', 'torch.quantization.quantize', 'torch.quantization.default_mappings', 'torch.nn.intrinsic.quantized', 'torch.nn.intrinsic.quantized.modules', 'torch.nn.intrinsic.quantized.modules.linear_relu', 'torch.nn.intrinsic.quantized.modules.conv_relu', 'torch.nn.quantized.dynamic', 'torch.nn.quantized.dynamic.modules', 'torch.nn.quantized.dynamic.modules.linear', 'torch.nn.quantized.dynamic.modules.rnn', 'torch.quantization.stubs', 'torch.quantization.qconfig', 'torch.quantization.observer', 'torch.quantization.fake_quantize', 'torch.quantization.fuse_modules', 'torch.utils.data', 'torch.utils.data.sampler', 'torch.utils.data.distributed', 'torch.utils.data.dataset', 'torch.utils.data.dataloader', 'torch.utils.data._utils', 'torch.utils.data._utils.worker', 'torch.utils.data._utils.signal_handling', 'torch.utils.data._utils.pin_memory', 'torch.utils.data._utils.collate', 'torch.utils.data._utils.fetch', 'torch.__config__', 'torch.__future__', 'torch._torch_docs', 'torch._tensor_docs', 'torch._storage_docs', 'torch._classes', 'torch.quasirandom', 'torch.multiprocessing._atfork', 'torch._lobpcg', 'dataloader', 'dataloader.infer_loader', 'matplotlib', 'distutils', 'distutils.version', 'matplotlib.cbook', 'gzip', 'matplotlib.cbook.deprecation', 'matplotlib.rcsetup', 'matplotlib.fontconfig_pattern', 'pyparsing', 'matplotlib.colors', 'matplotlib.docstring', 'matplotlib._color_data', 'cycler', 'six', 'six.moves', 'matplotlib._version', 'matplotlib.ft2font', 'dateutil', 'dateutil._version', 'kiwisolver']
|2020-12-10|20:35:00.541| [DEBUG] CACHEDIR=/home/tialab-dang/.cache/matplotlib
|2020-12-10|20:35:00.543| [DEBUG] Using fontManager instance from /home/tialab-dang/.cache/matplotlib/fontlist-v310.json
|2020-12-10|20:35:00.695| [DEBUG] Loaded backend qt5agg version unknown.
|2020-12-10|20:35:00.711| [DEBUG] Loaded backend tkagg version unknown.
|2020-12-10|20:35:00.748| [DEBUG] Loaded backend agg version unknown.
|2020-12-10|20:35:00.777| [DEBUG] Loaded backend agg version unknown.
|2020-12-10|21:00:57.159| [INFO] .................... Silent Crash
|2020-12-10|21:00:57.166| [INFO] .................... Silent Crash
|2020-12-10|21:00:57.364| [INFO] .................... Silent Crash
|2020-12-10|21:11:19.827| [INFO] .................... Done Assembling TCGA-21-5786-01Z-00-DX1
|2020-12-10|21:11:22.075| [INFO] .................... Done Assembling TCGA-21-5786-01Z-00-DX1
|2020-12-10|21:11:23.461| [INFO] .................... Done Assembling TCGA-21-5786-01Z-00-DX1
|2020-12-10|21:37:12.279| [INFO] ................ Process: TCGA-CA-5255-01Z-00-DX1.77310ae2-9c5f-48c4-9754-c5b30d287089
|2020-12-10|21:37:19.506| [INFO] ........ Preparing Input Output Placement: 7.197699647396803
|2020-12-10|21:46:10.574| [INFO] ................ Process: TCGA-CA-5255-01Z-00-DX1.77310ae2-9c5f-48c4-9754-c5b30d287089
|2020-12-10|21:46:17.746| [INFO] ........ Preparing Input Output Placement: 7.149342779070139
|2020-12-10|21:46:17.753| [INFO] ........ Inference Time: 6.649643182754517e-07
|2020-12-12|07:55:50.055| [INFO] .................... Done Assembling TCGA-18-5592-01Z-00-DX1
|2020-12-12|07:55:50.889| [INFO] .................... Done Assembling TCGA-50-5931-01Z-00-DX1
|2020-12-12|07:55:51.448| [INFO] .................... Done Assembling TCGA-E2-A14V-01Z-00-DX1
|2020-12-12|07:55:51.872| [INFO] .................... Done Assembling TCGA-AY-A8YK-01A-01-TS1
|2020-12-12|07:55:52.357| [INFO] .................... Done Assembling TCGA-AR-A1AS-01Z-00-DX1
|2020-12-12|07:55:52.716| [INFO] .................... Done Assembling TCGA-E2-A1B5-01Z-00-DX1
|2020-12-12|07:55:53.139| [INFO] .................... Done Assembling TCGA-B0-5698-01Z-00-DX1
|2020-12-12|07:55:53.499| [INFO] .................... Done Assembling TCGA-G2-A2EK-01A-02-TSB
|2020-12-12|07:55:53.954| [INFO] .................... Done Assembling TCGA-21-5786-01Z-00-DX1
|2020-12-12|07:55:54.331| [INFO] .................... Done Assembling TCGA-G9-6348-01Z-00-DX1
|2020-12-12|07:55:54.703| [INFO] .................... Done Assembling TCGA-21-5784-01Z-00-DX1
|2020-12-12|07:55:55.136| [INFO] .................... Done Assembling TCGA-G9-6356-01Z-00-DX1
|2020-12-12|07:55:55.490| [INFO] .................... Done Assembling TCGA-B0-5710-01Z-00-DX1
|2020-12-12|07:55:55.844| [INFO] .................... Done Assembling TCGA-B0-5711-01Z-00-DX1
|2020-12-12|07:55:56.283| [INFO] .................... Done Assembling TCGA-A7-A13E-01Z-00-DX1
|2020-12-12|07:55:56.637| [INFO] .................... Done Assembling TCGA-A7-A13F-01Z-00-DX1
|2020-12-12|07:55:57.013| [INFO] .................... Done Assembling TCGA-CH-5767-01Z-00-DX1
|2020-12-12|07:55:57.398| [INFO] .................... Done Assembling TCGA-G9-6363-01Z-00-DX1
|2020-12-12|07:55:57.788| [INFO] .................... Done Assembling TCGA-DK-A2I6-01A-01-TS1
|2020-12-12|07:55:58.215| [INFO] .................... Done Assembling TCGA-38-6178-01Z-00-DX1
|2020-12-12|07:55:58.681| [INFO] .................... Done Assembling TCGA-AR-A1AK-01Z-00-DX1
|2020-12-12|07:55:59.126| [INFO] .................... Done Assembling TCGA-49-4488-01Z-00-DX1
|2020-12-12|07:55:59.569| [INFO] .................... Done Assembling TCGA-G9-6362-01Z-00-DX1
|2020-12-12|07:56:00.068| [INFO] .................... Done Assembling TCGA-HE-7128-01Z-00-DX1
|2020-12-12|07:56:00.592| [INFO] .................... Done Assembling TCGA-HE-7129-01Z-00-DX1
|2020-12-12|07:56:01.259| [INFO] .................... Done Assembling TCGA-KB-A93J-01A-01-TS1
|2020-12-12|07:56:01.706| [INFO] .................... Done Assembling TCGA-NH-A8F7-01A-01-TS1
|2020-12-12|07:56:02.254| [INFO] .................... Done Assembling TCGA-HE-7130-01Z-00-DX1
|2020-12-12|07:56:02.826| [INFO] .................... Done Assembling TCGA-RD-A8N9-01A-01-TS1
|2020-12-12|07:56:03.241| [INFO] .................... Done Assembling TCGA-G9-6336-01Z-00-DX1
|2020-12-12|08:00:22.037| [INFO] .................... Done Assembling TCGA-21-5786-01Z-00-DX1
|2020-12-12|08:00:22.645| [INFO] .................... Done Assembling TCGA-18-5592-01Z-00-DX1
|2020-12-12|08:00:23.075| [INFO] .................... Done Assembling TCGA-21-5784-01Z-00-DX1
|2020-12-12|08:00:23.487| [INFO] .................... Done Assembling TCGA-38-6178-01Z-00-DX1
|2020-12-12|08:00:23.979| [INFO] .................... Done Assembling TCGA-49-4488-01Z-00-DX1
|2020-12-12|08:00:24.383| [INFO] .................... Done Assembling TCGA-A7-A13E-01Z-00-DX1
|2020-12-12|08:00:24.834| [INFO] .................... Done Assembling TCGA-A7-A13F-01Z-00-DX1
|2020-12-12|08:00:25.289| [INFO] .................... Done Assembling TCGA-50-5931-01Z-00-DX1
|2020-12-12|08:00:25.734| [INFO] .................... Done Assembling TCGA-E2-A1B5-01Z-00-DX1
|2020-12-12|08:00:26.218| [INFO] .................... Done Assembling TCGA-E2-A14V-01Z-00-DX1
|2020-12-12|08:00:26.667| [INFO] .................... Done Assembling TCGA-AR-A1AK-01Z-00-DX1
|2020-12-12|08:00:27.047| [INFO] .................... Done Assembling TCGA-G2-A2EK-01A-02-TSB
|2020-12-12|08:00:27.535| [INFO] .................... Done Assembling TCGA-B0-5710-01Z-00-DX1
|2020-12-12|08:00:27.981| [INFO] .................... Done Assembling TCGA-AY-A8YK-01A-01-TS1
|2020-12-12|08:00:28.559| [INFO] .................... Done Assembling TCGA-AR-A1AS-01Z-00-DX1
|2020-12-12|08:00:29.040| [INFO] .................... Done Assembling TCGA-B0-5698-01Z-00-DX1
|2020-12-12|08:00:29.431| [INFO] .................... Done Assembling TCGA-B0-5711-01Z-00-DX1
|2020-12-12|08:00:29.935| [INFO] .................... Done Assembling TCGA-DK-A2I6-01A-01-TS1
|2020-12-12|08:00:30.380| [INFO] .................... Done Assembling TCGA-G9-6336-01Z-00-DX1
|2020-12-12|08:00:30.835| [INFO] .................... Done Assembling TCGA-CH-5767-01Z-00-DX1
|2020-12-12|08:00:31.301| [INFO] .................... Done Assembling TCGA-G9-6348-01Z-00-DX1
|2020-12-12|08:00:31.696| [INFO] .................... Done Assembling TCGA-G9-6356-01Z-00-DX1
|2020-12-12|08:00:32.088| [INFO] .................... Done Assembling TCGA-G9-6363-01Z-00-DX1
|2020-12-12|08:00:32.509| [INFO] .................... Done Assembling TCGA-G9-6362-01Z-00-DX1
|2020-12-12|08:00:33.085| [INFO] .................... Done Assembling TCGA-HE-7128-01Z-00-DX1
|2020-12-12|08:00:33.509| [INFO] .................... Done Assembling TCGA-NH-A8F7-01A-01-TS1
|2020-12-12|08:00:34.089| [INFO] .................... Done Assembling TCGA-HE-7129-01Z-00-DX1
|2020-12-12|08:00:34.795| [INFO] .................... Done Assembling TCGA-KB-A93J-01A-01-TS1
|2020-12-12|08:00:35.477| [INFO] .................... Done Assembling TCGA-HE-7130-01Z-00-DX1
|2020-12-12|08:00:35.931| [INFO] .................... Done Assembling TCGA-RD-A8N9-01A-01-TS1
|2020-12-12|09:29:40.205| [INFO] .................... Done Assembling TCGA-18-5592-01Z-00-DX1
|2020-12-12|09:29:41.016| [INFO] .................... Done Assembling TCGA-21-5784-01Z-00-DX1
|2020-12-12|09:29:41.507| [INFO] .................... Done Assembling TCGA-21-5786-01Z-00-DX1
|2020-12-12|09:29:42.000| [INFO] .................... Done Assembling TCGA-38-6178-01Z-00-DX1
|2020-12-12|09:29:42.398| [INFO] .................... Done Assembling TCGA-A7-A13E-01Z-00-DX1
|2020-12-12|09:29:42.843| [INFO] .................... Done Assembling TCGA-49-4488-01Z-00-DX1
|2020-12-12|09:29:43.298| [INFO] .................... Done Assembling TCGA-A7-A13F-01Z-00-DX1
|2020-12-12|09:29:43.715| [INFO] .................... Done Assembling TCGA-E2-A14V-01Z-00-DX1
|2020-12-12|09:29:44.194| [INFO] .................... Done Assembling TCGA-E2-A1B5-01Z-00-DX1
|2020-12-12|09:29:44.627| [INFO] .................... Done Assembling TCGA-50-5931-01Z-00-DX1
|2020-12-12|09:29:45.001| [INFO] .................... Done Assembling TCGA-G2-A2EK-01A-02-TSB
|2020-12-12|09:29:45.396| [INFO] .................... Done Assembling TCGA-B0-5698-01Z-00-DX1
|2020-12-12|09:29:45.846| [INFO] .................... Done Assembling TCGA-AR-A1AK-01Z-00-DX1
|2020-12-12|09:29:46.299| [INFO] .................... Done Assembling TCGA-AR-A1AS-01Z-00-DX1
|2020-12-12|09:29:46.680| [INFO] .................... Done Assembling TCGA-B0-5710-01Z-00-DX1
|2020-12-12|09:29:47.199| [INFO] .................... Done Assembling TCGA-AY-A8YK-01A-01-TS1
|2020-12-12|09:29:47.605| [INFO] .................... Done Assembling TCGA-G9-6348-01Z-00-DX1
|2020-12-12|09:29:48.095| [INFO] .................... Done Assembling TCGA-G9-6336-01Z-00-DX1
|2020-12-12|09:29:48.592| [INFO] .................... Done Assembling TCGA-G9-6363-01Z-00-DX1
|2020-12-12|09:29:48.997| [INFO] .................... Done Assembling TCGA-B0-5711-01Z-00-DX1
|2020-12-12|09:29:49.413| [INFO] .................... Done Assembling TCGA-CH-5767-01Z-00-DX1
|2020-12-12|09:29:49.899| [INFO] .................... Done Assembling TCGA-G9-6356-01Z-00-DX1
|2020-12-12|09:29:50.304| [INFO] .................... Done Assembling TCGA-DK-A2I6-01A-01-TS1
|2020-12-12|09:29:51.022| [INFO] .................... Done Assembling TCGA-HE-7128-01Z-00-DX1
|2020-12-12|09:29:51.578| [INFO] .................... Done Assembling TCGA-G9-6362-01Z-00-DX1
|2020-12-12|09:29:52.004| [INFO] .................... Done Assembling TCGA-NH-A8F7-01A-01-TS1
|2020-12-12|09:29:52.685| [INFO] .................... Done Assembling TCGA-HE-7129-01Z-00-DX1
|2020-12-12|09:29:53.320| [INFO] .................... Done Assembling TCGA-HE-7130-01Z-00-DX1
|2020-12-12|09:29:54.027| [INFO] .................... Done Assembling TCGA-KB-A93J-01A-01-TS1
|2020-12-12|09:29:54.572| [INFO] .................... Done Assembling TCGA-RD-A8N9-01A-01-TS1
|2020-12-12|09:31:27.946| [INFO] .................... Done Assembling TCGA-21-5786-01Z-00-DX1
|2020-12-12|09:31:28.522| [INFO] .................... Done Assembling TCGA-21-5784-01Z-00-DX1
|2020-12-12|09:31:28.917| [INFO] .................... Done Assembling TCGA-38-6178-01Z-00-DX1
|2020-12-12|09:31:29.345| [INFO] .................... Done Assembling TCGA-18-5592-01Z-00-DX1
|2020-12-12|09:31:29.774| [INFO] .................... Done Assembling TCGA-49-4488-01Z-00-DX1
|2020-12-12|09:31:30.202| [INFO] .................... Done Assembling TCGA-50-5931-01Z-00-DX1
|2020-12-12|09:31:30.638| [INFO] .................... Done Assembling TCGA-A7-A13E-01Z-00-DX1
|2020-12-12|09:31:31.044| [INFO] .................... Done Assembling TCGA-A7-A13F-01Z-00-DX1
|2020-12-12|09:31:31.565| [INFO] .................... Done Assembling TCGA-E2-A14V-01Z-00-DX1
|2020-12-12|09:31:31.949| [INFO] .................... Done Assembling TCGA-E2-A1B5-01Z-00-DX1
|2020-12-12|09:31:32.315| [INFO] .................... Done Assembling TCGA-B0-5698-01Z-00-DX1
|2020-12-12|09:31:32.749| [INFO] .................... Done Assembling TCGA-AR-A1AK-01Z-00-DX1
|2020-12-12|09:31:33.174| [INFO] .................... Done Assembling TCGA-AY-A8YK-01A-01-TS1
|2020-12-12|09:31:33.671| [INFO] .................... Done Assembling TCGA-AR-A1AS-01Z-00-DX1
|2020-12-12|09:31:34.024| [INFO] .................... Done Assembling TCGA-B0-5710-01Z-00-DX1
|2020-12-12|09:31:34.395| [INFO] .................... Done Assembling TCGA-G2-A2EK-01A-02-TSB
|2020-12-12|09:31:34.804| [INFO] .................... Done Assembling TCGA-B0-5711-01Z-00-DX1
|2020-12-12|09:31:35.204| [INFO] .................... Done Assembling TCGA-CH-5767-01Z-00-DX1
|2020-12-12|09:31:35.582| [INFO] .................... Done Assembling TCGA-DK-A2I6-01A-01-TS1
|2020-12-12|09:31:36.099| [INFO] .................... Done Assembling TCGA-G9-6348-01Z-00-DX1
|2020-12-12|09:31:36.529| [INFO] .................... Done Assembling TCGA-G9-6336-01Z-00-DX1
|2020-12-12|09:31:36.940| [INFO] .................... Done Assembling TCGA-G9-6356-01Z-00-DX1
|2020-12-12|09:31:37.342| [INFO] .................... Done Assembling TCGA-G9-6363-01Z-00-DX1
|2020-12-12|09:31:37.788| [INFO] .................... Done Assembling TCGA-G9-6362-01Z-00-DX1
|2020-12-12|09:31:38.321| [INFO] .................... Done Assembling TCGA-HE-7128-01Z-00-DX1
|2020-12-12|09:31:38.783| [INFO] .................... Done Assembling TCGA-NH-A8F7-01A-01-TS1
|2020-12-12|09:31:39.322| [INFO] .................... Done Assembling TCGA-HE-7129-01Z-00-DX1
|2020-12-12|09:31:40.013| [INFO] .................... Done Assembling TCGA-HE-7130-01Z-00-DX1
|2020-12-12|09:31:40.439| [INFO] .................... Done Assembling TCGA-RD-A8N9-01A-01-TS1
|2020-12-12|09:31:40.916| [INFO] .................... Done Assembling TCGA-KB-A93J-01A-01-TS1
|2020-12-12|10:23:36.121| [INFO] .................... Done Assembling TCGA-18-5592-01Z-00-DX1
|2020-12-12|10:49:52.641| [INFO] .................... Done Assembling TCGA-18-5592-01Z-00-DX1
|2020-12-12|10:50:53.262| [INFO] .................... Done Assembling test_1
|2020-12-14|13:31:08.609| [INFO] .................... Done Assembling TCGA-21-5784-01Z-00-DX1
|2020-12-14|13:31:09.223| [INFO] .................... Done Assembling TCGA-21-5786-01Z-00-DX1
|2020-12-14|13:31:09.804| [INFO] .................... Done Assembling TCGA-38-6178-01Z-00-DX1
|2020-12-14|13:31:10.293| [INFO] .................... Done Assembling TCGA-18-5592-01Z-00-DX1
|2020-12-14|13:31:10.769| [INFO] .................... Done Assembling TCGA-50-5931-01Z-00-DX1
|2020-12-14|13:31:11.257| [INFO] .................... Done Assembling TCGA-A7-A13F-01Z-00-DX1
|2020-12-14|13:31:11.702| [INFO] .................... Done Assembling TCGA-A7-A13E-01Z-00-DX1
|2020-12-14|13:31:12.245| [INFO] .................... Done Assembling TCGA-49-4488-01Z-00-DX1
|2020-12-14|13:31:12.693| [INFO] .................... Done Assembling TCGA-AR-A1AK-01Z-00-DX1
|2020-12-14|13:31:13.233| [INFO] .................... Done Assembling TCGA-AR-A1AS-01Z-00-DX1
|2020-12-14|13:31:13.654| [INFO] .................... Done Assembling TCGA-B0-5698-01Z-00-DX1
|2020-12-14|13:31:14.164| [INFO] .................... Done Assembling TCGA-AY-A8YK-01A-01-TS1
|2020-12-14|13:31:14.600| [INFO] .................... Done Assembling TCGA-B0-5710-01Z-00-DX1
|2020-12-14|13:31:15.032| [INFO] .................... Done Assembling TCGA-E2-A14V-01Z-00-DX1
|2020-12-14|13:31:15.425| [INFO] .................... Done Assembling TCGA-B0-5711-01Z-00-DX1
|2020-12-14|13:31:15.876| [INFO] .................... Done Assembling TCGA-E2-A1B5-01Z-00-DX1
|2020-12-14|13:31:16.305| [INFO] .................... Done Assembling TCGA-G2-A2EK-01A-02-TSB
|2020-12-14|13:31:16.762| [INFO] .................... Done Assembling TCGA-CH-5767-01Z-00-DX1
|2020-12-14|13:31:17.220| [INFO] .................... Done Assembling TCGA-DK-A2I6-01A-01-TS1
|2020-12-14|13:31:17.647| [INFO] .................... Done Assembling TCGA-G9-6348-01Z-00-DX1
|2020-12-14|13:31:18.123| [INFO] .................... Done Assembling TCGA-G9-6336-01Z-00-DX1
|2020-12-14|13:31:18.714| [INFO] .................... Done Assembling TCGA-G9-6356-01Z-00-DX1
|2020-12-14|13:31:19.150| [INFO] .................... Done Assembling TCGA-G9-6363-01Z-00-DX1
|2020-12-14|13:31:19.633| [INFO] .................... Done Assembling TCGA-G9-6362-01Z-00-DX1
|2020-12-14|13:31:20.169| [INFO] .................... Done Assembling TCGA-HE-7128-01Z-00-DX1
|2020-12-14|13:31:20.695| [INFO] .................... Done Assembling TCGA-NH-A8F7-01A-01-TS1
|2020-12-14|13:31:21.288| [INFO] .................... Done Assembling TCGA-HE-7129-01Z-00-DX1
|2020-12-14|13:31:21.923| [INFO] .................... Done Assembling TCGA-KB-A93J-01A-01-TS1
|2020-12-14|13:31:22.541| [INFO] .................... Done Assembling TCGA-HE-7130-01Z-00-DX1
|2020-12-14|13:31:23.333| [INFO] .................... Done Assembling TCGA-RD-A8N9-01A-01-TS1
|2020-12-14|13:35:05.102| [INFO] .................... Done Assembling TCGA-21-5784-01Z-00-DX1
|2020-12-14|13:35:05.711| [INFO] .................... Done Assembling TCGA-21-5786-01Z-00-DX1
|2020-12-14|13:35:06.329| [INFO] .................... Done Assembling TCGA-38-6178-01Z-00-DX1
|2020-12-14|13:35:06.828| [INFO] .................... Done Assembling TCGA-A7-A13F-01Z-00-DX1
|2020-12-14|13:35:07.247| [INFO] .................... Done Assembling TCGA-A7-A13E-01Z-00-DX1
|2020-12-14|13:35:07.712| [INFO] .................... Done Assembling TCGA-18-5592-01Z-00-DX1
|2020-12-14|13:35:08.224| [INFO] .................... Done Assembling TCGA-49-4488-01Z-00-DX1
|2020-12-14|13:35:08.739| [INFO] .................... Done Assembling TCGA-50-5931-01Z-00-DX1
|2020-12-14|13:35:09.235| [INFO] .................... Done Assembling TCGA-AR-A1AK-01Z-00-DX1
|2020-12-14|13:35:09.726| [INFO] .................... Done Assembling TCGA-B0-5710-01Z-00-DX1
|2020-12-14|13:35:10.140| [INFO] .................... Done Assembling TCGA-B0-5698-01Z-00-DX1
|2020-12-14|13:35:10.630| [INFO] .................... Done Assembling TCGA-B0-5711-01Z-00-DX1
|2020-12-14|13:35:11.073| [INFO] .................... Done Assembling TCGA-CH-5767-01Z-00-DX1
|2020-12-14|13:35:11.510| [INFO] .................... Done Assembling TCGA-AR-A1AS-01Z-00-DX1
|2020-12-14|13:35:11.947| [INFO] .................... Done Assembling TCGA-E2-A1B5-01Z-00-DX1
|2020-12-14|13:35:12.435| [INFO] .................... Done Assembling TCGA-AY-A8YK-01A-01-TS1
|2020-12-14|13:35:12.924| [INFO] .................... Done Assembling TCGA-E2-A14V-01Z-00-DX1
|2020-12-14|13:35:13.402| [INFO] .................... Done Assembling TCGA-G2-A2EK-01A-02-TSB
|2020-12-14|13:35:13.860| [INFO] .................... Done Assembling TCGA-DK-A2I6-01A-01-TS1
|2020-12-14|13:35:14.375| [INFO] .................... Done Assembling TCGA-G9-6336-01Z-00-DX1
|2020-12-14|13:35:14.797| [INFO] .................... Done Assembling TCGA-G9-6348-01Z-00-DX1
|2020-12-14|13:35:15.337| [INFO] .................... Done Assembling TCGA-G9-6356-01Z-00-DX1
|2020-12-14|13:35:15.793| [INFO] .................... Done Assembling TCGA-G9-6363-01Z-00-DX1
|2020-12-14|13:35:16.272| [INFO] .................... Done Assembling TCGA-G9-6362-01Z-00-DX1
|2020-12-14|13:35:16.815| [INFO] .................... Done Assembling TCGA-HE-7128-01Z-00-DX1
|2020-12-14|13:35:17.335| [INFO] .................... Done Assembling TCGA-NH-A8F7-01A-01-TS1
|2020-12-14|13:35:17.945| [INFO] .................... Done Assembling TCGA-HE-7129-01Z-00-DX1
|2020-12-14|13:35:18.560| [INFO] .................... Done Assembling TCGA-KB-A93J-01A-01-TS1
|2020-12-14|13:35:19.268| [INFO] .................... Done Assembling TCGA-RD-A8N9-01A-01-TS1
|2020-12-14|13:35:19.904| [INFO] .................... Done Assembling TCGA-HE-7130-01Z-00-DX1
|2020-12-14|13:39:27.996| [INFO] .................... Done Assembling TCGA-21-5784-01Z-00-DX1
|2020-12-14|13:39:28.631| [INFO] .................... Done Assembling TCGA-21-5786-01Z-00-DX1
|2020-12-14|13:39:29.192| [INFO] .................... Done Assembling TCGA-A7-A13E-01Z-00-DX1
|2020-12-14|13:39:29.591| [INFO] .................... Done Assembling TCGA-38-6178-01Z-00-DX1
|2020-12-14|13:39:29.984| [INFO] .................... Done Assembling TCGA-50-5931-01Z-00-DX1
|2020-12-14|13:39:30.494| [INFO] .................... Done Assembling TCGA-A7-A13F-01Z-00-DX1
|2020-12-14|13:39:30.874| [INFO] .................... Done Assembling TCGA-B0-5698-01Z-00-DX1
|2020-12-14|13:39:31.366| [INFO] .................... Done Assembling TCGA-18-5592-01Z-00-DX1
|2020-12-14|13:39:31.836| [INFO] .................... Done Assembling TCGA-AR-A1AK-01Z-00-DX1
|2020-12-14|13:39:32.354| [INFO] .................... Done Assembling TCGA-49-4488-01Z-00-DX1
|2020-12-14|13:39:32.951| [INFO] .................... Done Assembling TCGA-AY-A8YK-01A-01-TS1
|2020-12-14|13:39:33.430| [INFO] .................... Done Assembling TCGA-B0-5710-01Z-00-DX1
|2020-12-14|13:39:33.878| [INFO] .................... Done Assembling TCGA-AR-A1AS-01Z-00-DX1
|2020-12-14|13:39:34.337| [INFO] .................... Done Assembling TCGA-B0-5711-01Z-00-DX1
|2020-12-14|13:39:34.816| [INFO] .................... Done Assembling TCGA-CH-5767-01Z-00-DX1
|2020-12-14|13:39:35.286| [INFO] .................... Done Assembling TCGA-DK-A2I6-01A-01-TS1
|2020-12-14|13:39:35.710| [INFO] .................... Done Assembling TCGA-E2-A14V-01Z-00-DX1
|2020-12-14|13:39:36.127| [INFO] .................... Done Assembling TCGA-E2-A1B5-01Z-00-DX1
|2020-12-14|13:39:36.575| [INFO] .................... Done Assembling TCGA-G2-A2EK-01A-02-TSB
|2020-12-14|13:39:37.044| [INFO] .................... Done Assembling TCGA-G9-6336-01Z-00-DX1
|2020-12-14|13:39:37.499| [INFO] .................... Done Assembling TCGA-G9-6348-01Z-00-DX1
|2020-12-14|13:39:38.051| [INFO] .................... Done Assembling TCGA-G9-6356-01Z-00-DX1
|2020-12-14|13:39:38.549| [INFO] .................... Done Assembling TCGA-G9-6363-01Z-00-DX1
|2020-12-14|13:39:39.090| [INFO] .................... Done Assembling TCGA-G9-6362-01Z-00-DX1
|2020-12-14|13:39:39.620| [INFO] .................... Done Assembling TCGA-HE-7128-01Z-00-DX1
|2020-12-14|13:39:40.140| [INFO] .................... Done Assembling TCGA-NH-A8F7-01A-01-TS1
|2020-12-14|13:39:40.700| [INFO] .................... Done Assembling TCGA-HE-7129-01Z-00-DX1
|2020-12-14|13:39:41.368| [INFO] .................... Done Assembling TCGA-KB-A93J-01A-01-TS1
|2020-12-14|13:39:42.032| [INFO] .................... Done Assembling TCGA-RD-A8N9-01A-01-TS1
|2020-12-14|13:39:42.679| [INFO] .................... Done Assembling TCGA-HE-7130-01Z-00-DX1
